<?xml version="1.0" encoding="UTF-8"?>
<!-- Generated by org.testng.reporters.JUnitReportReporter -->
<testsuite hostname="elzevir-N56VB" failures="0" tests="2" name="DeckBuildTest.TestDeckBuild" time="28.366" errors="0" timestamp="2022-01-12T21:09:06 ART" skipped="0">
  <testcase classname="DeckBuildTest.TestDeckBuild" name="test_1_Navegacion" time="28.362"/>
  <system-out/>
  <testcase classname="DeckBuildTest.TestDeckBuild" name="test_2_Construccion" time="0.004"/>
  <system-out/>
</testsuite> <!-- DeckBuildTest.TestDeckBuild -->
