<?xml version="1.0" encoding="UTF-8"?>
<!-- Generated by org.testng.reporters.JUnitReportReporter -->
<testsuite hostname="elzevir-N56VB" failures="0" tests="16" name="DeckBuildTest.TestDeckBuild" time="88.747" errors="0" timestamp="2022-01-14T19:11:56 ART" skipped="0">
  <testcase classname="DeckBuildTest.TestDeckBuild" name="test_1_Navegacion" time="36.133"/>
  <system-out/>
  <testcase classname="DeckBuildTest.TestDeckBuild" name="test_2_Construccion" time="4.029"/>
  <system-out/>
  <testcase classname="DeckBuildTest.TestDeckBuild" name="test_2_Construccion" time="3.886"/>
  <system-out/>
  <testcase classname="DeckBuildTest.TestDeckBuild" name="test_2_Construccion" time="3.905"/>
  <system-out/>
  <testcase classname="DeckBuildTest.TestDeckBuild" name="test_2_Construccion" time="2.527"/>
  <system-out/>
  <testcase classname="DeckBuildTest.TestDeckBuild" name="test_2_Construccion" time="1.367"/>
  <system-out/>
  <testcase classname="DeckBuildTest.TestDeckBuild" name="test_2_Construccion" time="3.777"/>
  <system-out/>
  <testcase classname="DeckBuildTest.TestDeckBuild" name="test_2_Construccion" time="4.016"/>
  <system-out/>
  <testcase classname="DeckBuildTest.TestDeckBuild" name="test_2_Construccion" time="4.093"/>
  <system-out/>
  <testcase classname="DeckBuildTest.TestDeckBuild" name="test_2_Construccion" time="4.024"/>
  <system-out/>
  <testcase classname="DeckBuildTest.TestDeckBuild" name="test_2_Construccion" time="3.966"/>
  <system-out/>
  <testcase classname="DeckBuildTest.TestDeckBuild" name="test_2_Construccion" time="3.792"/>
  <system-out/>
  <testcase classname="DeckBuildTest.TestDeckBuild" name="test_2_Construccion" time="2.712"/>
  <system-out/>
  <testcase classname="DeckBuildTest.TestDeckBuild" name="test_2_Construccion" time="4.017"/>
  <system-out/>
  <testcase classname="DeckBuildTest.TestDeckBuild" name="test_2_Construccion" time="2.503"/>
  <system-out/>
  <testcase classname="DeckBuildTest.TestDeckBuild" name="test_2_Construccion" time="4.000"/>
  <system-out/>
</testsuite> <!-- DeckBuildTest.TestDeckBuild -->
