<?xml version="1.0" encoding="UTF-8"?>
<!-- Generated by org.testng.reporters.JUnitReportReporter -->
<testsuite hostname="elzevir-N56VB" failures="0" tests="1" name="DeckBuildTest.TestDeckBuild" time="21.994" errors="0" timestamp="2022-01-08T19:06:16 ART" skipped="0">
  <testcase classname="DeckBuildTest.TestDeckBuild" name="test" time="21.994"/>
  <system-out/>
</testsuite> <!-- DeckBuildTest.TestDeckBuild -->
