<?xml version="1.0" encoding="UTF-8"?>
<!-- Generated by org.testng.reporters.JUnitReportReporter -->
<testsuite hostname="elzevir-N56VB" failures="0" tests="17" name="DeckBuildTest.TestDeckBuild" time="78.845" errors="0" timestamp="2022-06-29T20:49:04 ART" skipped="0">
  <testcase classname="DeckBuildTest.TestDeckBuild" name="test_1_Navegacion" time="27.607"/>
  <system-out/>
  <testcase classname="DeckBuildTest.TestDeckBuild" name="test_2_Construccion" time="1.299"/>
  <system-out/>
  <testcase classname="DeckBuildTest.TestDeckBuild" name="test_2_Construccion" time="17.379"/>
  <system-out/>
  <testcase classname="DeckBuildTest.TestDeckBuild" name="test_2_Construccion" time="1.278"/>
  <system-out/>
  <testcase classname="DeckBuildTest.TestDeckBuild" name="test_2_Construccion" time="1.308"/>
  <system-out/>
  <testcase classname="DeckBuildTest.TestDeckBuild" name="test_2_Construccion" time="0.397"/>
  <system-out/>
  <testcase classname="DeckBuildTest.TestDeckBuild" name="test_2_Construccion" time="1.108"/>
  <system-out/>
  <testcase classname="DeckBuildTest.TestDeckBuild" name="test_2_Construccion" time="1.253"/>
  <system-out/>
  <testcase classname="DeckBuildTest.TestDeckBuild" name="test_2_Construccion" time="1.221"/>
  <system-out/>
  <testcase classname="DeckBuildTest.TestDeckBuild" name="test_2_Construccion" time="0.743"/>
  <system-out/>
  <testcase classname="DeckBuildTest.TestDeckBuild" name="test_2_Construccion" time="0.861"/>
  <system-out/>
  <testcase classname="DeckBuildTest.TestDeckBuild" name="test_2_Construccion" time="1.275"/>
  <system-out/>
  <testcase classname="DeckBuildTest.TestDeckBuild" name="test_2_Construccion" time="19.739"/>
  <system-out/>
  <testcase classname="DeckBuildTest.TestDeckBuild" name="test_2_Construccion" time="0.892"/>
  <system-out/>
  <testcase classname="DeckBuildTest.TestDeckBuild" name="test_2_Construccion" time="1.140"/>
  <system-out/>
  <testcase classname="DeckBuildTest.TestDeckBuild" name="test_2_Construccion" time="1.198"/>
  <system-out/>
  <testcase classname="DeckBuildTest.TestDeckBuild" name="test_3_Code" time="0.147"/>
  <system-out/>
</testsuite> <!-- DeckBuildTest.TestDeckBuild -->
