<?xml version="1.0" encoding="UTF-8"?>
<!-- Generated by org.testng.reporters.JUnitReportReporter -->
<testsuite hostname="elzevir-N56VB" failures="0" tests="17" name="DeckBuildTest.TestDeckBuild" time="66.415" errors="0" timestamp="2022-01-18T21:19:16 ART" skipped="0">
  <testcase classname="DeckBuildTest.TestDeckBuild" name="test_1_Navegacion" time="30.991"/>
  <system-out/>
  <testcase classname="DeckBuildTest.TestDeckBuild" name="test_2_Construccion" time="3.262"/>
  <system-out/>
  <testcase classname="DeckBuildTest.TestDeckBuild" name="test_2_Construccion" time="2.164"/>
  <system-out/>
  <testcase classname="DeckBuildTest.TestDeckBuild" name="test_2_Construccion" time="1.936"/>
  <system-out/>
  <testcase classname="DeckBuildTest.TestDeckBuild" name="test_2_Construccion" time="1.684"/>
  <system-out/>
  <testcase classname="DeckBuildTest.TestDeckBuild" name="test_2_Construccion" time="9.173"/>
  <system-out/>
  <testcase classname="DeckBuildTest.TestDeckBuild" name="test_2_Construccion" time="1.138"/>
  <system-out/>
  <testcase classname="DeckBuildTest.TestDeckBuild" name="test_2_Construccion" time="1.200"/>
  <system-out/>
  <testcase classname="DeckBuildTest.TestDeckBuild" name="test_2_Construccion" time="1.879"/>
  <system-out/>
  <testcase classname="DeckBuildTest.TestDeckBuild" name="test_2_Construccion" time="2.589"/>
  <system-out/>
  <testcase classname="DeckBuildTest.TestDeckBuild" name="test_2_Construccion" time="1.892"/>
  <system-out/>
  <testcase classname="DeckBuildTest.TestDeckBuild" name="test_2_Construccion" time="1.893"/>
  <system-out/>
  <testcase classname="DeckBuildTest.TestDeckBuild" name="test_2_Construccion" time="1.173"/>
  <system-out/>
  <testcase classname="DeckBuildTest.TestDeckBuild" name="test_2_Construccion" time="1.838"/>
  <system-out/>
  <testcase classname="DeckBuildTest.TestDeckBuild" name="test_2_Construccion" time="1.791"/>
  <system-out/>
  <testcase classname="DeckBuildTest.TestDeckBuild" name="test_2_Construccion" time="1.605"/>
  <system-out/>
  <testcase classname="DeckBuildTest.TestDeckBuild" name="test_3_Code" time="0.207"/>
  <system-out/>
</testsuite> <!-- DeckBuildTest.TestDeckBuild -->
